Arguments: 
  /usr/bin/node /usr/bin/yarn install

PATH: 
  /usr/local/sbin:/usr/local/bin:/usr/sbin:/usr/bin:/sbin:/bin:/usr/games:/usr/local/games:/mnt/c/Program Files/heroku/bin:/mnt/c/Users/daniel.Reimer/AppData/Local/Yarn/bin:/mnt/c/Program Files/Git/bin:/mnt/c/Program Files (x86)/Yarn/bin:/mnt/c/Program Files/nodejs/node_modules/npm/bin:/mnt/c/Program Files/heroku/bin:/mnt/c/Users/daniel.Reimer/AppData/Local/Yarn/bin:/mnt/c/Program Files/nodejs/node_modules/npm/bin:/mnt/c/Program Files/Git/bin:/mnt/c/Users/daniel.Reimer/AppData/Local/Programs/Microsoft VS Code/bin

Yarn version: 
  0.27.3

Node version: 
  10.1.0

Platform: 
  linux x64

npm manifest: 
  {
    "name": "expensify",
    "version": "1.0.0",
    "main": "index.js",
    "author": "Daniel Reimer",
    "license": "MIT",
    "scripts": {
      "build:dev": "webpack",
      "build:prod": "webpack -p --env production",
      "dev-server": "webpack-dev-server",
      "test": "cross-env NODE_ENV=test jest --config=jest.config.json",
      "start": "node server/server.js",
      "heroku-postbuild": "yarn run build:prod"
    },
    "dependencies": {
      "babel-cli": "^6.24.1",
      "babel-core": "6.25.0",
      "babel-loader": "7.1.1",
      "babel-plugin-transform-class-properties": "6.24.1",
      "babel-plugin-transform-object-rest-spread": "6.23.0",
      "babel-preset-env": "1.5.2",
      "babel-preset-react": "6.24.1",
      "cryptiles": "4.1.2",
      "css-loader": "0.28.4",
      "express": "4.15.4",
      "extract-text-webpack-plugin": "3.0.0",
      "firebase": "4.2.0",
      "hoek": "4.2.1",
      "moment": "2.18.1",
      "node-sass": "^4.5.3",
      "normalize.css": "^7.0.0",
      "numeral": "^2.0.6",
      "raf": "3.3.2",
      "react": "16.0.0",
      "react-addons-shallow-compare": "15.6.0",
      "react-dates": "12.7.0",
      "react-dom": "16.0.0",
      "react-modal": "2.2.2",
      "react-redux": "5.0.5",
      "react-router-dom": "4.2.2",
      "redux": "3.7.2",
      "redux-thunk": "^2.2.0",
      "request": "^2.81.0",
      "sass-loader": "6.0.6",
      "style-loader": "0.18.2",
      "uuid": "3.1.0",
      "validator": "8.0.0",
      "webpack": "3.1.0"
    },
    "devDependencies": {
      "enzyme": "3.0.0",
      "enzyme-adapter-react-16": "1.0.0",
      "enzyme-to-json": "3.0.1",
      "jest": "20.0.4",
      "react-test-renderer": "16.0.0",
      "webpack-dev-server": "2.5.1"
    }
  }

yarn manifest: 
  No manifest

Lockfile: 
  No lockfile

Trace: 
  Error: ENOENT: no such file or directory, open '/mnt/c/Users/daniel.Reimer/Desktop/React Course Projects/expensify-app/node_modules/core-js/modules/_array-copy-within.js'
